This is pdfTeX, Version 3.141592653-2.6-1.40.27 (MiKTeX 25.4) (preloaded format=pdflatex 2025.11.17)  19 NOV 2025 09:38
entering extended mode
 restricted \write18 enabled.
 %&-line parsing enabled.
**./trabajoFinal18.tex
(trabajoFinal18.tex
LaTeX2e <2025-11-01>
L3 programming layer <2025-10-24>
(C:\Users\carlo\AppData\Local\Programs\MiKTeX\tex/latex/base\article.cls
Document Class: article 2025/01/22 v1.4n Standard LaTeX document class
(C:\Users\carlo\AppData\Local\Programs\MiKTeX\tex/latex/base\size12.clo
File: size12.clo 2025/01/22 v1.4n Standard LaTeX file (size option)
)
\c@part=\count275
\c@section=\count276
\c@subsection=\count277
\c@subsubsection=\count278
\c@paragraph=\count279
\c@subparagraph=\count280
\c@figure=\count281
\c@table=\count282
\abovecaptionskip=\skip49
\belowcaptionskip=\skip50
\bibindent=\dimen148
)
(C:\Users\carlo\AppData\Local\Programs\MiKTeX\tex/latex/base\inputenc.sty
Package: inputenc 2024/02/08 v1.3d Input encoding file
\inpenc@prehook=\toks17
\inpenc@posthook=\toks18
)
(C:\Users\carlo\AppData\Local\Programs\MiKTeX\tex/latex/base\fontenc.sty
Package: fontenc 2025/07/18 v2.1d Standard LaTeX package
)
(C:\Users\carlo\AppData\Local\Programs\MiKTeX\tex/generic/babel\babel.sty
Package: babel 2025/10/22 v25.14 The multilingual framework for LuaLaTeX, pdfLa
TeX and XeLaTeX
\babel@savecnt=\count283
LaTeX Encoding Info:    Redeclaring text command \ij (encoding OT1) on input li
ne 2050.
LaTeX Encoding Info:    Redeclaring text command \IJ (encoding OT1) on input li
ne 2052.
LaTeX Encoding Info:    Redeclaring text command \ij (encoding T1) on input lin
e 2054.
LaTeX Encoding Info:    Redeclaring text command \IJ (encoding T1) on input lin
e 2055.
LaTeX Encoding Info:    Ignoring declaration for text command \ij (encoding ?) 
on input line 2056.
LaTeX Encoding Info:    Ignoring declaration for text command \IJ (encoding ?) 
on input line 2058.
LaTeX Encoding Info:    Ignoring declaration for text command \SS (encoding ?) 
on input line 2083.
\U@D=\dimen149
\l@unhyphenated=\language79

(C:\Users\carlo\AppData\Local\Programs\MiKTeX\tex/generic/babel\txtbabel.def)
\bbl@readstream=\read2
\bbl@dirlevel=\count284


Package babel Warning: Configuration files are deprecated, as
(babel)                they can break document portability.
(babel)                Reported on input line 4172.

*************************************
* Local config file bblopts.cfg used
*
(C:\Users\carlo\AppData\Local\Programs\MiKTeX\tex/latex/arabi\bblopts.cfg
File: bblopts.cfg 2005/09/08 v0.1 add Arabic and Farsi to "declared" options of
 babel
)
(C:\Users\carlo\AppData\Local\Programs\MiKTeX\tex/generic/babel/locale/es\babel
-spanish.tex)
Package babel Info: Importing font and identification data for spanish
(babel)             from babel-es.ini. Reported on input line 4295.

(C:\Users\carlo\AppData\Local\Programs\MiKTeX\tex/latex/babel-spanish\spanish.l
df
Language: spanish.ldf 2021/05/27 v5.0q Spanish support from the babel system
\es@quottoks=\toks19
\es@quotdepth=\count285
Package babel Info: Making " an active character on input line 570.
Package babel Info: Making . an active character on input line 675.
Package babel Info: Making < an active character on input line 722.
Package babel Info: Making > an active character on input line 722.
))
LaTeX Encoding Info:    Redeclaring text command \guillemotleft (encoding OT1) 
on input line 7.
LaTeX Encoding Info:    Redeclaring text command \guillemotright (encoding OT1)
 on input line 7.

(C:\Users\carlo\AppData\Local\Programs\MiKTeX\tex/latex/graphics\graphicx.sty
Package: graphicx 2024/12/31 v1.2e Enhanced LaTeX Graphics (DPC,SPQR)

(C:\Users\carlo\AppData\Local\Programs\MiKTeX\tex/latex/graphics\keyval.sty
Package: keyval 2022/05/29 v1.15 key=value parser (DPC)
\KV@toks@=\toks20
)
(C:\Users\carlo\AppData\Local\Programs\MiKTeX\tex/latex/graphics\graphics.sty
Package: graphics 2024/08/06 v1.4g Standard LaTeX Graphics (DPC,SPQR)

(C:\Users\carlo\AppData\Local\Programs\MiKTeX\tex/latex/graphics\trig.sty
Package: trig 2023/12/02 v1.11 sin cos tan (DPC)
)
(C:\Users\carlo\AppData\Local\Programs\MiKTeX\tex/latex/graphics-cfg\graphics.c
fg
File: graphics.cfg 2016/06/04 v1.11 sample graphics configuration
)
Package graphics Info: Driver file: pdftex.def on input line 106.

(C:\Users\carlo\AppData\Local\Programs\MiKTeX\tex/latex/graphics-def\pdftex.def
File: pdftex.def 2025/09/29 v1.2d Graphics/color driver for pdftex
))
\Gin@req@height=\dimen150
\Gin@req@width=\dimen151
)
(C:\Users\carlo\AppData\Local\Programs\MiKTeX\tex/latex/booktabs\booktabs.sty
Package: booktabs 2020/01/12 v1.61803398 Publication quality tables
\heavyrulewidth=\dimen152
\lightrulewidth=\dimen153
\cmidrulewidth=\dimen154
\belowrulesep=\dimen155
\belowbottomsep=\dimen156
\aboverulesep=\dimen157
\abovetopsep=\dimen158
\cmidrulesep=\dimen159
\cmidrulekern=\dimen160
\defaultaddspace=\dimen161
\@cmidla=\count286
\@cmidlb=\count287
\@aboverulesep=\dimen162
\@belowrulesep=\dimen163
\@thisruleclass=\count288
\@lastruleclass=\count289
\@thisrulewidth=\dimen164
)
(C:\Users\carlo\AppData\Local\Programs\MiKTeX\tex/latex/geometry\geometry.sty
Package: geometry 2020/01/02 v5.9 Page Geometry

(C:\Users\carlo\AppData\Local\Programs\MiKTeX\tex/generic/iftex\ifvtex.sty
Package: ifvtex 2019/10/25 v1.7 ifvtex legacy package. Use iftex instead.

(C:\Users\carlo\AppData\Local\Programs\MiKTeX\tex/generic/iftex\iftex.sty
Package: iftex 2024/12/12 v1.0g TeX engine tests
))
\Gm@cnth=\count290
\Gm@cntv=\count291
\c@Gm@tempcnt=\count292
\Gm@bindingoffset=\dimen165
\Gm@wd@mp=\dimen166
\Gm@odd@mp=\dimen167
\Gm@even@mp=\dimen168
\Gm@layoutwidth=\dimen169
\Gm@layoutheight=\dimen170
\Gm@layouthoffset=\dimen171
\Gm@layoutvoffset=\dimen172
\Gm@dimlist=\toks21

(C:\Users\carlo\AppData\Local\Programs\MiKTeX\tex/latex/geometry\geometry.cfg))
(C:\Users\carlo\AppData\Local\Programs\MiKTeX\tex/latex/url\url.sty
\Urlmuskip=\muskip17
Package: url 2013/09/16  ver 3.4  Verb mode for urls, etc.
)
(C:\Users\carlo\AppData\Local\Programs\MiKTeX\tex/latex/float\float.sty
Package: float 2001/11/08 v1.3d Float enhancements (AL)
\c@float@type=\count293
\float@exts=\toks22
\float@box=\box53
\@float@everytoks=\toks23
\@floatcapt=\box54
)
(C:\Users\carlo\AppData\Local\Programs\MiKTeX\tex/latex/parskip\parskip.sty
Package: parskip 2021-03-14 v2.0h non-zero parskip adjustments

(C:\Users\carlo\AppData\Local\Programs\MiKTeX\tex/latex/kvoptions\kvoptions.sty
Package: kvoptions 2022-06-15 v3.15 Key value format for package options (HO)
(C:\Users\carlo\AppData\Local\Programs\MiKTeX\tex/generic/ltxcmds\ltxcmds.sty
Package: ltxcmds 2023-12-04 v1.26 LaTeX kernel commands for general use (HO)
)
(C:\Users\carlo\AppData\Local\Programs\MiKTeX\tex/latex/kvsetkeys\kvsetkeys.sty
Package: kvsetkeys 2022-10-05 v1.19 Key value parser (HO)
))
(C:\Users\carlo\AppData\Local\Programs\MiKTeX\tex/latex/etoolbox\etoolbox.sty
Package: etoolbox 2025/10/02 v2.5m e-TeX tools for LaTeX (JAW)
\etb@tempcnta=\count294
)) (C:\Users\carlo\AppData\Local\Programs\MiKTeX\tex/latex/psnfss\mathpazo.sty
Package: mathpazo 2020/03/25 PSNFSS-v9.3 Palatino w/ Pazo Math (D.Puga, WaS) 
\symupright=\mathgroup4
)
LaTeX Font Info:    Trying to load font information for T1+ppl on input line 21
.

(C:\Users\carlo\AppData\Local\Programs\MiKTeX\tex/latex/psnfss\t1ppl.fd
File: t1ppl.fd 2001/06/04 font definitions for T1/ppl.
)
(C:\Users\carlo\AppData\Local\Programs\MiKTeX\tex/latex/l3backend\l3backend-pdf
tex.def
File: l3backend-pdftex.def 2025-10-09 L3 backend support: PDF output (pdfTeX)
\l__color_backend_stack_int=\count295
)

LaTeX Warning: Unused global option(s):
    [article].

(trabajoFinal18.aux
LaTeX Info: Redefining \. on input line 8.
LaTeX Info: Redefining \% on input line 8.
Package babel Info: 'spanish' activates 'spanish' shorthands.
(babel)             Reported on input line 8.
)
\openout1 = `trabajoFinal18.aux'.

LaTeX Font Info:    Checking defaults for OML/cmm/m/it on input line 21.
LaTeX Font Info:    ... okay on input line 21.
LaTeX Font Info:    Checking defaults for OMS/cmsy/m/n on input line 21.
LaTeX Font Info:    ... okay on input line 21.
LaTeX Font Info:    Checking defaults for OT1/cmr/m/n on input line 21.
LaTeX Font Info:    ... okay on input line 21.
LaTeX Font Info:    Checking defaults for T1/cmr/m/n on input line 21.
LaTeX Font Info:    ... okay on input line 21.
LaTeX Font Info:    Checking defaults for TS1/cmr/m/n on input line 21.
LaTeX Font Info:    ... okay on input line 21.
LaTeX Font Info:    Checking defaults for OMX/cmex/m/n on input line 21.
LaTeX Font Info:    ... okay on input line 21.
LaTeX Font Info:    Checking defaults for U/cmr/m/n on input line 21.
LaTeX Font Info:    ... okay on input line 21.
LaTeX Info: Redefining \. on input line 21.
LaTeX Info: Redefining \% on input line 21.

(C:\Users\carlo\AppData\Local\Programs\MiKTeX\tex/context/base/mkii\supp-pdf.mk
ii
[Loading MPS to PDF converter (version 2006.09.02).]
\scratchcounter=\count296
\scratchdimen=\dimen173
\scratchbox=\box55
\nofMPsegments=\count297
\nofMParguments=\count298
\everyMPshowfont=\toks24
\MPscratchCnt=\count299
\MPscratchDim=\dimen174
\MPnumerator=\count300
\makeMPintoPDFobject=\count301
\everyMPtoPDFconversion=\toks25
)
(C:\Users\carlo\AppData\Local\Programs\MiKTeX\tex/latex/epstopdf-pkg\epstopdf-b
ase.sty
Package: epstopdf-base 2020-01-24 v2.11 Base part for package epstopdf
Package epstopdf-base Info: Redefining graphics rule for `.eps' on input line 4
85.

(C:\Users\carlo\AppData\Local\Programs\MiKTeX\tex/latex/00miktex\epstopdf-sys.c
fg
File: epstopdf-sys.cfg 2021/03/18 v2.0 Configuration of epstopdf for MiKTeX
))
*geometry* driver: auto-detecting
*geometry* detected driver: pdftex
*geometry* verbose mode - [ preamble ] result:
* driver: pdftex
* paper: <default>
* layout: <same size as paper>
* layoutoffset:(h,v)=(0.0pt,0.0pt)
* modes: 
* h-part:(L,W,R)=(71.13188pt, 472.03123pt, 71.13188pt)
* v-part:(T,H,B)=(71.13188pt, 652.70622pt, 71.13188pt)
* \paperwidth=614.295pt
* \paperheight=794.96999pt
* \textwidth=472.03123pt
* \textheight=652.70622pt
* \oddsidemargin=-1.1381pt
* \evensidemargin=-1.1381pt
* \topmargin=-38.1381pt
* \headheight=12.0pt
* \headsep=25.0pt
* \topskip=12.0pt
* \footskip=30.0pt
* \marginparwidth=44.0pt
* \marginparsep=10.0pt
* \columnsep=10.0pt
* \skip\footins=10.8pt plus 4.0pt minus 2.0pt
* \hoffset=0.0pt
* \voffset=0.0pt
* \mag=1000
* \@twocolumnfalse
* \@twosidefalse
* \@mparswitchfalse
* \@reversemarginfalse
* (1in=72.27pt=25.4mm, 1cm=28.453pt)

\big@size=\dimen175
LaTeX Font Info:    Trying to load font information for OT1+ppl on input line 2
3.
(C:\Users\carlo\AppData\Local\Programs\MiKTeX\tex/latex/psnfss\ot1ppl.fd
File: ot1ppl.fd 2001/06/04 font definitions for OT1/ppl.
)
LaTeX Font Info:    Trying to load font information for OML+zplm on input line 
23.

(C:\Users\carlo\AppData\Local\Programs\MiKTeX\tex/latex/psnfss\omlzplm.fd
File: omlzplm.fd 2002/09/08 Fontinst v1.914 font definitions for OML/zplm.
)
LaTeX Font Info:    Trying to load font information for OMS+zplm on input line 
23.

(C:\Users\carlo\AppData\Local\Programs\MiKTeX\tex/latex/psnfss\omszplm.fd
File: omszplm.fd 2002/09/08 Fontinst v1.914 font definitions for OMS/zplm.
)
LaTeX Font Info:    Trying to load font information for OMX+zplm on input line 
23.

(C:\Users\carlo\AppData\Local\Programs\MiKTeX\tex/latex/psnfss\omxzplm.fd
File: omxzplm.fd 2002/09/08 Fontinst v1.914 font definitions for OMX/zplm.
)
LaTeX Font Info:    Trying to load font information for OT1+zplm on input line 
23.

(C:\Users\carlo\AppData\Local\Programs\MiKTeX\tex/latex/psnfss\ot1zplm.fd
File: ot1zplm.fd 2002/09/08 Fontinst v1.914 font definitions for OT1/zplm.
)
(trabajoFinal18.toc
LaTeX Info: Redefining \. on input line 1.
LaTeX Info: Redefining \% on input line 1.
 [1

{C:/Users/carlo/AppData/Local/MiKTeX/fonts/map/pdftex/pdftex.map}{C:/Users/carl
o/AppData/Local/Programs/MiKTeX/fonts/enc/dvips/base/8r.enc}])
\tf@toc=\write3
\openout3 = `trabajoFinal18.toc'.

 [2]
Overfull \hbox (79.5978pt too wide) in paragraph at lines 43--44
[]\T1/ppl/m/n/12 Se uti-li-za-ron dos con-jun-tos de da-tos: \T1/cmtt/m/n/12 wi
nequality-red.csv \T1/ppl/m/n/12 (1,599 vi-nos tin-tos) y \T1/cmtt/m/n/12 wineq
uality-white.csv
 []


Overfull \hbox (47.81876pt too wide) in paragraph at lines 53--54
[]\T1/ppl/b/n/12 Categorización de la Va-ria-ble Ob-je-ti-vo: \T1/ppl/m/n/12 La
 va-ria-ble \T1/cmtt/m/n/12 quality \T1/ppl/m/n/12 se trans-for-mó en \T1/cmtt/
m/n/12 quality_class
 []


Overfull \hbox (55.72603pt too wide) in paragraph at lines 54--55
\T1/ppl/m/n/12 Sec-ción 4.5), se apli-có la trans-for-ma-ción $[]\OT1/zplm/m/n/
12 (\OT1/ppl/m/n/12 1 \OT1/zplm/m/n/12 + \OML/zplm/m/it/12 x\OT1/zplm/m/n/12 )$
 \T1/ppl/m/n/12 a las va-ria-bles afec-ta-das (ej. \T1/cmtt/m/n/12 residual_sug
ar\T1/ppl/m/n/12 ,
 []

[3]
<../figures/histograma_calidad_original.png, id=17, 578.16pt x 361.35pt>
File: ../figures/histograma_calidad_original.png Graphic file (type png)
<use ../figures/histograma_calidad_original.png>
Package pdftex.def Info: ../figures/histograma_calidad_original.png  used on in
put line 87.
(pdftex.def)             Requested size: 377.62642pt x 236.01607pt.
 [4 <../figures/histograma_calidad_original.png>]
<../figures/desequilibrio_tipo_vino.png, id=21, 505.89pt x 361.35pt>
File: ../figures/desequilibrio_tipo_vino.png Graphic file (type png)
<use ../figures/desequilibrio_tipo_vino.png>
Package pdftex.def Info: ../figures/desequilibrio_tipo_vino.png  used on input 
line 100.
(pdftex.def)             Requested size: 283.22162pt x 202.305pt.
<../figures/barras_distribucion_clases.png, id=22, 578.16pt x 361.35pt>
File: ../figures/barras_distribucion_clases.png Graphic file (type png)
<use ../figures/barras_distribucion_clases.png>
Package pdftex.def Info: ../figures/barras_distribucion_clases.png  used on inp
ut line 110.
(pdftex.def)             Requested size: 330.42041pt x 206.51198pt.
 [5 <../figures/desequilibrio_tipo_vino.png> <../figures/barras_distribucion_cl
ases.png>] [6]
<../figures/matriz_correlacion_red.png, id=29, 578.16pt x 578.16pt>
File: ../figures/matriz_correlacion_red.png Graphic file (type png)
<use ../figures/matriz_correlacion_red.png>
Package pdftex.def Info: ../figures/matriz_correlacion_red.png  used on input l
ine 177.
(pdftex.def)             Requested size: 226.57297pt x 226.56659pt.
<../figures/matriz_correlacion_white.png, id=30, 578.16pt x 578.16pt>
File: ../figures/matriz_correlacion_white.png Graphic file (type png)
<use ../figures/matriz_correlacion_white.png>
Package pdftex.def Info: ../figures/matriz_correlacion_white.png  used on input
 line 183.
(pdftex.def)             Requested size: 226.57297pt x 226.56659pt.
 [7 <../figures/matriz_correlacion_red.png (PNG copy)> <../figures/matriz_corre
lacion_white.png (PNG copy)>]
<../figures/investigacion_outliers_azucar.png, id=35, 650.43pt x 433.62pt>
File: ../figures/investigacion_outliers_azucar.png Graphic file (type png)
<use ../figures/investigacion_outliers_azucar.png>
Package pdftex.def Info: ../figures/investigacion_outliers_azucar.png  used on 
input line 241.
(pdftex.def)             Requested size: 354.02342pt x 236.01717pt.
<../figures/investigacion_outliers_citric_white.png, id=36, 578.16pt x 361.35pt
>
File: ../figures/investigacion_outliers_citric_white.png Graphic file (type png
)
<use ../figures/investigacion_outliers_citric_white.png>
Package pdftex.def Info: ../figures/investigacion_outliers_citric_white.png  us
ed on input line 249.
(pdftex.def)             Requested size: 354.02342pt x 221.26126pt.
 [8 <../figures/investigacion_outliers_azucar.png>]
<../figures/boxplot_alcohol_vs_calidad.png, id=40, 578.16pt x 361.35pt>
File: ../figures/boxplot_alcohol_vs_calidad.png Graphic file (type png)
<use ../figures/boxplot_alcohol_vs_calidad.png>
Package pdftex.def Info: ../figures/boxplot_alcohol_vs_calidad.png  used on inp
ut line 262.
(pdftex.def)             Requested size: 354.02342pt x 221.26126pt.
<../figures/boxplot_acidity_log_final.png, id=41, 650.43pt x 433.62pt>
File: ../figures/boxplot_acidity_log_final.png Graphic file (type png)
<use ../figures/boxplot_acidity_log_final.png>
Package pdftex.def Info: ../figures/boxplot_acidity_log_final.png  used on inpu
t line 270.
(pdftex.def)             Requested size: 354.02342pt x 236.01717pt.
 [9 <../figures/investigacion_outliers_citric_white.png> <../figures/boxplot_al
cohol_vs_calidad.png>]
<../figures/boxplot_sugar_log_final.png, id=45, 650.43pt x 433.62pt>
File: ../figures/boxplot_sugar_log_final.png Graphic file (type png)
<use ../figures/boxplot_sugar_log_final.png>
Package pdftex.def Info: ../figures/boxplot_sugar_log_final.png  used on input 
line 278.
(pdftex.def)             Requested size: 354.02342pt x 236.01717pt.
 [10 <../figures/boxplot_acidity_log_final.png> <../figures/boxplot_sugar_log_f
inal.png>] [11]
Overfull \hbox (10.44658pt too wide) in paragraph at lines 346--347
[]\T1/ppl/m/n/12 Manejar re-la-cio-nes no li-nea-les y com-ple-jas en-tre va-ri
a-bles (co-mo la in-ter-ac-ción alcohol-
 []

[12] [13] [14]
<../figures/auditoria_tinto_vs_blanco_v3.png, id=63, 650.43pt x 433.62pt>
File: ../figures/auditoria_tinto_vs_blanco_v3.png Graphic file (type png)
<use ../figures/auditoria_tinto_vs_blanco_v3.png>
Package pdftex.def Info: ../figures/auditoria_tinto_vs_blanco_v3.png  used on i
nput line 530.
(pdftex.def)             Requested size: 401.22942pt x 267.49185pt.
<../figures/importancia_variables_v3.png, id=64, 578.16pt x 433.62pt>
File: ../figures/importancia_variables_v3.png Graphic file (type png)
<use ../figures/importancia_variables_v3.png>
Package pdftex.def Info: ../figures/importancia_variables_v3.png  used on input
 line 547.
(pdftex.def)             Requested size: 401.22942pt x 300.91841pt.
 [15 <../figures/auditoria_tinto_vs_blanco_v3.png>]
<../figures/curvas_roc_v3.png, id=68, 578.16pt x 433.62pt>
File: ../figures/curvas_roc_v3.png Graphic file (type png)
<use ../figures/curvas_roc_v3.png>
Package pdftex.def Info: ../figures/curvas_roc_v3.png  used on input line 560.
(pdftex.def)             Requested size: 401.22942pt x 300.91841pt.
 [16 <../figures/importancia_variables_v3.png>] [17 <../figures/curvas_roc_v3.p
ng>] [18]
(trabajoFinal18.aux
LaTeX Info: Redefining \. on input line 8.
LaTeX Info: Redefining \% on input line 8.
)
 ***********
LaTeX2e <2025-11-01>
L3 programming layer <2025-10-24>
 ***********
 ) 
Here is how much of TeX's memory you used:
 4954 strings out of 467871
 83014 string characters out of 5418375
 509130 words of memory out of 5000000
 33761 multiletter control sequences out of 15000+600000
 655892 words of font info for 96 fonts, out of 8000000 for 9000
 1141 hyphenation exceptions out of 8191
 57i,16n,65p,551b,431s stack positions out of 10000i,1000n,20000p,200000b,200000s
 <C:\Users\carlo\AppData\Local\MiKTeX\fonts/pk/ljfour/jknappen/ec/dpi600\ectt
1200.pk><C:/Users/carlo/AppData/Local/Programs/MiKTeX/fonts/type1/public/amsfon
ts/cm/cmmi10.pfb><C:/Users/carlo/AppData/Local/Programs/MiKTeX/fonts/type1/publ
ic/amsfonts/cm/cmr10.pfb><C:/Users/carlo/AppData/Local/Programs/MiKTeX/fonts/ty
pe1/public/amsfonts/cm/cmsy10.pfb><C:/Users/carlo/AppData/Local/Programs/MiKTeX
/fonts/type1/urw/palatino/uplb8a.pfb><C:/Users/carlo/AppData/Local/Programs/MiK
TeX/fonts/type1/urw/palatino/uplr8a.pfb><C:/Users/carlo/AppData/Local/Programs/
MiKTeX/fonts/type1/urw/palatino/uplri8a.pfb>
Output written on trabajoFinal18.pdf (18 pages, 1904019 bytes).
PDF statistics:
 137 PDF objects out of 1000 (max. 8388607)
 0 named destinations out of 1000 (max. 500000)
 66 words of extra memory for PDF output out of 10000 (max. 10000000)

